<?xml version="1.0" encoding="UTF-8"?>
<!-- Generated by org.testng.reporters.JUnitReportReporter -->
<testsuite hostname="Harpreeets-MacBook-Air.local" failures="0" tests="6" name="com.crm.qa.testcases.ContactsPageTest" time="58.322" errors="0" timestamp="2022-09-15T20:50:23 EDT" skipped="0">
  <testcase classname="com.crm.qa.testcases.ContactsPageTest" name="verifyContactsPageLabel" time="9.327"/>
  <system-out/>
  <testcase classname="com.crm.qa.testcases.ContactsPageTest" name="selectSingleContactsTest" time="8.758"/>
  <system-out/>
  <testcase classname="com.crm.qa.testcases.ContactsPageTest" name="selectMultipleContactsTest" time="8.361"/>
  <system-out/>
  <testcase classname="com.crm.qa.testcases.ContactsPageTest" name="validateCreateNewContact" time="10.825"/>
  <system-out/>
  <testcase classname="com.crm.qa.testcases.ContactsPageTest" name="validateCreateNewContact" time="11.193"/>
  <system-out/>
  <testcase classname="com.crm.qa.testcases.ContactsPageTest" name="validateCreateNewContact" time="9.858"/>
  <system-out/>
</testsuite> <!-- com.crm.qa.testcases.ContactsPageTest -->
