<?xml version="1.0" encoding="UTF-8"?>
<!-- Generated by org.testng.reporters.JUnitReportReporter -->
<testsuite hostname="Harpreeets-MacBook-Air.local" failures="0" tests="3" name="com.crm.qa.testcases.HomePageTest" time="26.224" errors="0" timestamp="2022-09-15T20:50:23 EDT" skipped="0">
  <testcase classname="com.crm.qa.testcases.HomePageTest" name="verifyHomePageTitleTest" time="7.687"/>
  <system-out/>
  <testcase classname="com.crm.qa.testcases.HomePageTest" name="verifyUserNameTest" time="8.916"/>
  <system-out/>
  <testcase classname="com.crm.qa.testcases.HomePageTest" name="verifyContactsListTest" time="9.621"/>
  <system-out/>
</testsuite> <!-- com.crm.qa.testcases.HomePageTest -->
