<?xml version="1.0" encoding="UTF-8"?>
<!-- Generated by org.testng.reporters.JUnitReportReporter -->
<testsuite hostname="Harpreeets-MacBook-Air.local" failures="0" tests="3" name="com.crm.qa.testcases.LoginPageTest" time="30.325" errors="0" timestamp="2022-09-15T20:50:23 EDT" skipped="0">
  <testcase classname="com.crm.qa.testcases.LoginPageTest" name="loginPageTitleTest" time="6.119"/>
  <system-out/>
  <testcase classname="com.crm.qa.testcases.LoginPageTest" name="crmLogoImageTest" time="9.214"/>
  <system-out/>
  <testcase classname="com.crm.qa.testcases.LoginPageTest" name="loginTest" time="14.992"/>
  <system-out/>
</testsuite> <!-- com.crm.qa.testcases.LoginPageTest -->
